<?xml version="1.0" encoding="UTF-8"?>
<!-- Generated by org.testng.reporters.JUnitXMLReporter -->
<testsuite ignored="0" hostname="DESKTOP-6DK9BR1" failures="0" tests="2" name="erroValidationsTests" time="27.561" errors="0" timestamp="2025-12-25T17:13:51 IST">
  <testcase classname="rahulShettyAcademy.SeleniumFrameworkDesign.LoginErrorValidation" name="validateLoginError" time="22.163"/>
  <testcase classname="rahulShettyAcademy.SeleniumFrameworkDesign.LoginErrorValidation" name="validateLoginError" time="5.374"/>
</testsuite> <!-- erroValidationsTests -->
