<?xml version="1.0" encoding="UTF-8"?>
<!-- Generated by org.testng.reporters.JUnitXMLReporter -->
<testsuite ignored="1" hostname="DESKTOP-6DK9BR1" failures="2" tests="2" name="submitQuote" time="38.517" errors="0" timestamp="2025-12-25T17:13:19 IST">
  <testcase classname="rahulShettyAcademy.SeleniumFrameworkDesign.StandaloneTest2" name="submitOrder" time="19.826">
    <failure type="java.lang.AssertionError" message="expected [true] but found [false]">
      <![CDATA[java.lang.AssertionError: expected [true] but found [false]
at rahulshettyacademy.pageobjects.ConfirmationPage.validateProductName(ConfirmationPage.java:28)
at rahulShettyAcademy.SeleniumFrameworkDesign.StandaloneTest2.submitOrder(StandaloneTest2.java:64)
at java.base/java.util.concurrent.ThreadPoolExecutor.runWorker(ThreadPoolExecutor.java:1136)
at java.base/java.util.concurrent.ThreadPoolExecutor$Worker.run(ThreadPoolExecutor.java:635)
at java.base/java.lang.Thread.run(Thread.java:840)
... Removed 16 stack frames]]>
    </failure>
  </testcase> <!-- submitOrder -->
  <testcase classname="rahulShettyAcademy.SeleniumFrameworkDesign.StandaloneTest2" name="submitOrder" time="17.641">
    <failure type="java.lang.AssertionError" message="expected [true] but found [false]">
      <![CDATA[java.lang.AssertionError: expected [true] but found [false]
at rahulshettyacademy.pageobjects.ConfirmationPage.validateProductName(ConfirmationPage.java:28)
at rahulShettyAcademy.SeleniumFrameworkDesign.StandaloneTest2.submitOrder(StandaloneTest2.java:64)
at java.base/java.util.concurrent.ThreadPoolExecutor.runWorker(ThreadPoolExecutor.java:1136)
at java.base/java.util.concurrent.ThreadPoolExecutor$Worker.run(ThreadPoolExecutor.java:635)
at java.base/java.lang.Thread.run(Thread.java:840)
... Removed 16 stack frames]]>
    </failure>
  </testcase> <!-- submitOrder -->
  <testcase classname="rahulShettyAcademy.SeleniumFrameworkDesign.StandaloneTest2" name="validateOrderHistory" time="0.0">
    <ignored/>
  </testcase> <!-- validateOrderHistory -->
</testsuite> <!-- submitQuote -->
