<?xml version="1.0" encoding="UTF-8"?>
<!-- Generated by org.testng.reporters.JUnitXMLReporter -->
<testsuite ignored="0" hostname="DESKTOP-6DK9BR1" failures="0" tests="2" name="erroValidationsTests" time="7.248" errors="0" timestamp="2025-12-28T16:54:49 IST">
  <testcase classname="rahulShettyAcademy.SeleniumFrameworkDesign.LoginErrorValidation" name="validateLoginError" time="4.287"/>
  <testcase classname="rahulShettyAcademy.SeleniumFrameworkDesign.LoginErrorValidation" name="validateLoginError" time="2.948"/>
</testsuite> <!-- erroValidationsTests -->
