<?xml version="1.0" encoding="UTF-8"?>
<!-- Generated by org.testng.reporters.JUnitXMLReporter -->
<testsuite ignored="1" hostname="DESKTOP-6DK9BR1" failures="0" tests="2" name="submitQuote" time="20.154" errors="0" timestamp="2025-12-28T16:54:42 IST">
  <testcase classname="rahulShettyAcademy.SeleniumFrameworkDesign.StandaloneTest2" name="submitOrder" time="9.893"/>
  <testcase classname="rahulShettyAcademy.SeleniumFrameworkDesign.StandaloneTest2" name="submitOrder" time="9.941"/>
  <testcase classname="rahulShettyAcademy.SeleniumFrameworkDesign.StandaloneTest2" name="validateOrderHistory" time="0.0">
    <ignored/>
  </testcase> <!-- validateOrderHistory -->
</testsuite> <!-- submitQuote -->
