<?xml version="1.0" encoding="UTF-8"?>
<testng-results ignored="0" total="4" passed="4" failed="0" skipped="0">
  <reporter-output>
  </reporter-output>
  <suite started-at="2025-12-28T16:54:22 IST" name="Suite" finished-at="2025-12-28T16:54:49 IST" duration-ms="27695">
    <groups>
      <group name="importantTests">
        <method signature="StandaloneTest2.submitOrder(java.util.HashMap)[pri:0, instance:rahulShettyAcademy.SeleniumFrameworkDesign.StandaloneTest2@4201c465]" name="submitOrder" class="rahulShettyAcademy.SeleniumFrameworkDesign.StandaloneTest2"/>
        <method signature="LoginErrorValidation.validateLoginError(java.lang.String,java.lang.String)[pri:0, instance:rahulShettyAcademy.SeleniumFrameworkDesign.LoginErrorValidation@5c86a017]" name="validateLoginError" class="rahulShettyAcademy.SeleniumFrameworkDesign.LoginErrorValidation"/>
      </group> <!-- importantTests -->
    </groups>
    <test started-at="2025-12-28T16:54:22 IST" name="submitQuote" finished-at="2025-12-28T16:54:42 IST" duration-ms="20154">
      <class name="rahulShettyAcademy.SeleniumFrameworkDesign.StandaloneTest2">
        <test-method signature="submitOrder(java.util.HashMap)[pri:0, instance:rahulShettyAcademy.SeleniumFrameworkDesign.StandaloneTest2@4201c465]" started-at="2025-12-28T16:54:22 IST" name="submitOrder" data-provider="getData" finished-at="2025-12-28T16:54:32 IST" duration-ms="9893" status="PASS">
          <params>
            <param index="0">
              <value>
                <![CDATA[{password=Test@123, email=test@testold.com}]]>
              </value>
            </param>
          </params>
          <reporter-output>
          </reporter-output>
        </test-method> <!-- submitOrder -->
        <test-method signature="submitOrder(java.util.HashMap)[pri:0, instance:rahulShettyAcademy.SeleniumFrameworkDesign.StandaloneTest2@4201c465]" started-at="2025-12-28T16:54:32 IST" name="submitOrder" data-provider="getData" finished-at="2025-12-28T16:54:42 IST" duration-ms="9941" status="PASS">
          <params>
            <param index="0">
              <value>
                <![CDATA[{password=IamKing@000, email=shettynew@gmail.com}]]>
              </value>
            </param>
          </params>
          <reporter-output>
          </reporter-output>
        </test-method> <!-- submitOrder -->
      </class> <!-- rahulShettyAcademy.SeleniumFrameworkDesign.StandaloneTest2 -->
    </test> <!-- submitQuote -->
    <test started-at="2025-12-28T16:54:42 IST" name="erroValidationsTests" finished-at="2025-12-28T16:54:49 IST" duration-ms="7248">
      <class name="rahulShettyAcademy.SeleniumFrameworkDesign.LoginErrorValidation">
        <test-method signature="validateLoginError(java.lang.String,java.lang.String)[pri:0, instance:rahulShettyAcademy.SeleniumFrameworkDesign.LoginErrorValidation@5c86a017]" started-at="2025-12-28T16:54:42 IST" name="validateLoginError" data-provider="getdata1" finished-at="2025-12-28T16:54:46 IST" duration-ms="4287" status="PASS">
          <params>
            <param index="0">
              <value>
                <![CDATA[test@testold.com]]>
              </value>
            </param>
            <param index="1">
              <value>
                <![CDATA[Test@124]]>
              </value>
            </param>
          </params>
          <reporter-output>
          </reporter-output>
        </test-method> <!-- validateLoginError -->
        <test-method signature="validateLoginError(java.lang.String,java.lang.String)[pri:0, instance:rahulShettyAcademy.SeleniumFrameworkDesign.LoginErrorValidation@5c86a017]" started-at="2025-12-28T16:54:46 IST" name="validateLoginError" data-provider="getdata1" finished-at="2025-12-28T16:54:49 IST" duration-ms="2948" status="PASS">
          <params>
            <param index="0">
              <value>
                <![CDATA[test@testoldfive.com]]>
              </value>
            </param>
            <param index="1">
              <value>
                <![CDATA[Test@124]]>
              </value>
            </param>
          </params>
          <reporter-output>
          </reporter-output>
        </test-method> <!-- validateLoginError -->
      </class> <!-- rahulShettyAcademy.SeleniumFrameworkDesign.LoginErrorValidation -->
    </test> <!-- erroValidationsTests -->
  </suite> <!-- Suite -->
</testng-results>
