<?xml version="1.0" encoding="UTF-8"?>
<testng-results ignored="1" total="5" passed="2" failed="2" skipped="0">
  <reporter-output>
  </reporter-output>
  <suite started-at="2025-12-25T17:12:41 IST" name="Suite" finished-at="2025-12-25T17:13:51 IST" duration-ms="70221">
    <groups>
      <group name="importantTests">
        <method signature="StandaloneTest2.submitOrder(java.util.HashMap)[pri:0, instance:rahulShettyAcademy.SeleniumFrameworkDesign.StandaloneTest2@14fc1f0]" name="submitOrder" class="rahulShettyAcademy.SeleniumFrameworkDesign.StandaloneTest2"/>
        <method signature="LoginErrorValidation.validateLoginError(java.lang.String,java.lang.String)[pri:0, instance:rahulShettyAcademy.SeleniumFrameworkDesign.LoginErrorValidation@52c3cb31]" name="validateLoginError" class="rahulShettyAcademy.SeleniumFrameworkDesign.LoginErrorValidation"/>
      </group> <!-- importantTests -->
    </groups>
    <test started-at="2025-12-25T17:12:41 IST" name="submitQuote" finished-at="2025-12-25T17:13:19 IST" duration-ms="38517">
      <class name="rahulShettyAcademy.SeleniumFrameworkDesign.StandaloneTest2">
        <test-method signature="submitOrder(java.util.HashMap)[pri:0, instance:rahulShettyAcademy.SeleniumFrameworkDesign.StandaloneTest2@14fc1f0]" started-at="2025-12-25T17:12:41 IST" name="submitOrder" data-provider="getData" finished-at="2025-12-25T17:13:01 IST" duration-ms="19826" status="FAIL">
          <params>
            <param index="0">
              <value>
                <![CDATA[{password=Test@123, email=test@testold.com}]]>
              </value>
            </param>
          </params>
          <exception class="java.lang.AssertionError">
            <message>
              <![CDATA[expected [true] but found [false]]]>
            </message>
            <full-stacktrace>
              <![CDATA[java.lang.AssertionError: expected [true] but found [false]
at org.testng.Assert.fail(Assert.java:99)
at org.testng.Assert.failNotEquals(Assert.java:1037)
at org.testng.Assert.assertTrue(Assert.java:45)
at org.testng.Assert.assertTrue(Assert.java:55)
at rahulshettyacademy.pageobjects.ConfirmationPage.validateProductName(ConfirmationPage.java:28)
at rahulShettyAcademy.SeleniumFrameworkDesign.StandaloneTest2.submitOrder(StandaloneTest2.java:64)
at java.base/jdk.internal.reflect.NativeMethodAccessorImpl.invoke0(Native Method)
at java.base/jdk.internal.reflect.NativeMethodAccessorImpl.invoke(NativeMethodAccessorImpl.java:77)
at java.base/jdk.internal.reflect.DelegatingMethodAccessorImpl.invoke(DelegatingMethodAccessorImpl.java:43)
at java.base/java.lang.reflect.Method.invoke(Method.java:568)
at org.testng.internal.MethodInvocationHelper.invokeMethod(MethodInvocationHelper.java:133)
at org.testng.internal.TestInvoker.invokeMethod(TestInvoker.java:598)
at org.testng.internal.TestInvoker.invokeTestMethod(TestInvoker.java:173)
at org.testng.internal.MethodRunner.runInSequence(MethodRunner.java:46)
at org.testng.internal.TestInvoker$MethodInvocationAgent.invoke(TestInvoker.java:824)
at org.testng.internal.TestInvoker.invokeTestMethods(TestInvoker.java:146)
at org.testng.internal.TestMethodWorker.invokeTestMethods(TestMethodWorker.java:146)
at org.testng.internal.TestMethodWorker.run(TestMethodWorker.java:128)
at java.base/java.util.concurrent.ThreadPoolExecutor.runWorker(ThreadPoolExecutor.java:1136)
at java.base/java.util.concurrent.ThreadPoolExecutor$Worker.run(ThreadPoolExecutor.java:635)
at java.base/java.lang.Thread.run(Thread.java:840)
]]>
            </full-stacktrace>
          </exception> <!-- java.lang.AssertionError -->
          <reporter-output>
          </reporter-output>
        </test-method> <!-- submitOrder -->
        <test-method signature="submitOrder(java.util.HashMap)[pri:0, instance:rahulShettyAcademy.SeleniumFrameworkDesign.StandaloneTest2@14fc1f0]" started-at="2025-12-25T17:13:01 IST" name="submitOrder" data-provider="getData" finished-at="2025-12-25T17:13:19 IST" duration-ms="17641" status="FAIL">
          <params>
            <param index="0">
              <value>
                <![CDATA[{password=IamKing@000, email=shettynew@gmail.com}]]>
              </value>
            </param>
          </params>
          <exception class="java.lang.AssertionError">
            <message>
              <![CDATA[expected [true] but found [false]]]>
            </message>
            <full-stacktrace>
              <![CDATA[java.lang.AssertionError: expected [true] but found [false]
at org.testng.Assert.fail(Assert.java:99)
at org.testng.Assert.failNotEquals(Assert.java:1037)
at org.testng.Assert.assertTrue(Assert.java:45)
at org.testng.Assert.assertTrue(Assert.java:55)
at rahulshettyacademy.pageobjects.ConfirmationPage.validateProductName(ConfirmationPage.java:28)
at rahulShettyAcademy.SeleniumFrameworkDesign.StandaloneTest2.submitOrder(StandaloneTest2.java:64)
at java.base/jdk.internal.reflect.NativeMethodAccessorImpl.invoke0(Native Method)
at java.base/jdk.internal.reflect.NativeMethodAccessorImpl.invoke(NativeMethodAccessorImpl.java:77)
at java.base/jdk.internal.reflect.DelegatingMethodAccessorImpl.invoke(DelegatingMethodAccessorImpl.java:43)
at java.base/java.lang.reflect.Method.invoke(Method.java:568)
at org.testng.internal.MethodInvocationHelper.invokeMethod(MethodInvocationHelper.java:133)
at org.testng.internal.TestInvoker.invokeMethod(TestInvoker.java:598)
at org.testng.internal.TestInvoker.invokeTestMethod(TestInvoker.java:173)
at org.testng.internal.MethodRunner.runInSequence(MethodRunner.java:46)
at org.testng.internal.TestInvoker$MethodInvocationAgent.invoke(TestInvoker.java:824)
at org.testng.internal.TestInvoker.invokeTestMethods(TestInvoker.java:146)
at org.testng.internal.TestMethodWorker.invokeTestMethods(TestMethodWorker.java:146)
at org.testng.internal.TestMethodWorker.run(TestMethodWorker.java:128)
at java.base/java.util.concurrent.ThreadPoolExecutor.runWorker(ThreadPoolExecutor.java:1136)
at java.base/java.util.concurrent.ThreadPoolExecutor$Worker.run(ThreadPoolExecutor.java:635)
at java.base/java.lang.Thread.run(Thread.java:840)
]]>
            </full-stacktrace>
          </exception> <!-- java.lang.AssertionError -->
          <reporter-output>
          </reporter-output>
        </test-method> <!-- submitOrder -->
      </class> <!-- rahulShettyAcademy.SeleniumFrameworkDesign.StandaloneTest2 -->
    </test> <!-- submitQuote -->
    <test started-at="2025-12-25T17:13:23 IST" name="erroValidationsTests" finished-at="2025-12-25T17:13:51 IST" duration-ms="27561">
      <class name="rahulShettyAcademy.SeleniumFrameworkDesign.LoginErrorValidation">
        <test-method signature="validateLoginError(java.lang.String,java.lang.String)[pri:0, instance:rahulShettyAcademy.SeleniumFrameworkDesign.LoginErrorValidation@52c3cb31]" started-at="2025-12-25T17:13:23 IST" name="validateLoginError" data-provider="getdata1" finished-at="2025-12-25T17:13:46 IST" duration-ms="22163" status="PASS">
          <params>
            <param index="0">
              <value>
                <![CDATA[test@testold.com]]>
              </value>
            </param>
            <param index="1">
              <value>
                <![CDATA[Test@124]]>
              </value>
            </param>
          </params>
          <reporter-output>
          </reporter-output>
        </test-method> <!-- validateLoginError -->
        <test-method signature="validateLoginError(java.lang.String,java.lang.String)[pri:0, instance:rahulShettyAcademy.SeleniumFrameworkDesign.LoginErrorValidation@52c3cb31]" started-at="2025-12-25T17:13:46 IST" name="validateLoginError" data-provider="getdata1" finished-at="2025-12-25T17:13:51 IST" duration-ms="5374" status="PASS">
          <params>
            <param index="0">
              <value>
                <![CDATA[test@testoldfive.com]]>
              </value>
            </param>
            <param index="1">
              <value>
                <![CDATA[Test@124]]>
              </value>
            </param>
          </params>
          <reporter-output>
          </reporter-output>
        </test-method> <!-- validateLoginError -->
      </class> <!-- rahulShettyAcademy.SeleniumFrameworkDesign.LoginErrorValidation -->
    </test> <!-- erroValidationsTests -->
  </suite> <!-- Suite -->
</testng-results>
