<?xml version="1.0" encoding="UTF-8"?>
<!-- Generated by org.testng.reporters.JUnitReportReporter -->
<testsuite hostname="DESKTOP-6DK9BR1" failures="0" tests="2" name="rahulShettyAcademy.SeleniumFrameworkDesign.LoginErrorValidation" time="27.537" errors="0" timestamp="2025-12-25T17:13:51 IST" skipped="0">
  <testcase classname="rahulShettyAcademy.SeleniumFrameworkDesign.LoginErrorValidation" name="validateLoginError" time="5.374"/>
  <system-out/>
  <testcase classname="rahulShettyAcademy.SeleniumFrameworkDesign.LoginErrorValidation" name="validateLoginError" time="22.163"/>
  <system-out/>
</testsuite> <!-- rahulShettyAcademy.SeleniumFrameworkDesign.LoginErrorValidation -->
