<?xml version="1.0" encoding="UTF-8"?>
<!-- Generated by org.testng.reporters.JUnitReportReporter -->
<testsuite hostname="DESKTOP-6DK9BR1" failures="0" tests="2" name="rahulShettyAcademy.SeleniumFrameworkDesign.LoginErrorValidation" time="7.235" errors="0" timestamp="2025-12-28T16:54:49 IST" skipped="0">
  <testcase classname="rahulShettyAcademy.SeleniumFrameworkDesign.LoginErrorValidation" name="validateLoginError" time="2.948"/>
  <testcase classname="rahulShettyAcademy.SeleniumFrameworkDesign.LoginErrorValidation" name="validateLoginError" time="4.287"/>
</testsuite> <!-- rahulShettyAcademy.SeleniumFrameworkDesign.LoginErrorValidation -->
