<?xml version="1.0" encoding="UTF-8"?>
<!-- Generated by org.testng.reporters.JUnitReportReporter -->
<testsuite hostname="DESKTOP-6DK9BR1" failures="0" tests="2" name="rahulShettyAcademy.SeleniumFrameworkDesign.StandaloneTest2" time="19.834" errors="0" timestamp="2025-12-28T16:54:49 IST" skipped="0">
  <testcase classname="rahulShettyAcademy.SeleniumFrameworkDesign.StandaloneTest2" name="submitOrder" time="9.941"/>
  <testcase classname="rahulShettyAcademy.SeleniumFrameworkDesign.StandaloneTest2" name="submitOrder" time="9.893"/>
</testsuite> <!-- rahulShettyAcademy.SeleniumFrameworkDesign.StandaloneTest2 -->
